<?xml version="1.0" ?>
<!DOCTYPE coverage
  SYSTEM 'http://cobertura.sourceforge.net/xml/coverage-04.dtd'>
<coverage branch-rate="0.0" branches-covered="0" branches-valid="63" complexity="0.0" line-rate="0.0" lines-covered="0" lines-valid="165" timestamp="1571777353" version="gcovr 4.1">
<sources>
<source>.</source>
</sources>
<packages>
<package branch-rate="0.0" complexity="0.0" line-rate="0.0" name="">
<classes>
<class branch-rate="0.0" complexity="0.0" filename="main.c" line-rate="0.0" name="main_c">
<methods/>
<lines>
<line branch="false" hits="0" number="43"/>
<line branch="true" condition-coverage="0% (0/2)" hits="0" number="47">
<conditions>
<condition coverage="0%" number="0" type="jump"/>
</conditions>
</line>
<line branch="true" condition-coverage="0% (0/8)" hits="0" number="48">
<conditions>
<condition coverage="0%" number="0" type="jump"/>
</conditions>
</line>
<line branch="false" hits="0" number="49"/>
<line branch="false" hits="0" number="50"/>
<line branch="false" hits="0" number="52"/>
<line branch="false" hits="0" number="53"/>
<line branch="false" hits="0" number="54"/>
<line branch="false" hits="0" number="55"/>
<line branch="false" hits="0" number="56"/>
<line branch="false" hits="0" number="57"/>
<line branch="false" hits="0" number="58"/>
<line branch="false" hits="0" number="59"/>
<line branch="false" hits="0" number="60"/>
<line branch="false" hits="0" number="61"/>
<line branch="false" hits="0" number="62"/>
<line branch="false" hits="0" number="63"/>
<line branch="false" hits="0" number="64"/>
<line branch="false" hits="0" number="65"/>
<line branch="false" hits="0" number="66"/>
<line branch="false" hits="0" number="67"/>
<line branch="false" hits="0" number="68"/>
<line branch="false" hits="0" number="69"/>
<line branch="false" hits="0" number="70"/>
<line branch="false" hits="0" number="72"/>
<line branch="false" hits="0" number="74"/>
<line branch="false" hits="0" number="79"/>
<line branch="false" hits="0" number="81"/>
<line branch="false" hits="0" number="82"/>
<line branch="false" hits="0" number="85"/>
<line branch="true" condition-coverage="0% (0/2)" hits="0" number="88">
<conditions>
<condition coverage="0%" number="0" type="jump"/>
</conditions>
</line>
<line branch="false" hits="0" number="89"/>
<line branch="false" hits="0" number="90"/>
<line branch="false" hits="0" number="94"/>
<line branch="true" condition-coverage="0% (0/2)" hits="0" number="97">
<conditions>
<condition coverage="0%" number="0" type="jump"/>
</conditions>
</line>
<line branch="true" condition-coverage="0% (0/5)" hits="0" number="99">
<conditions>
<condition coverage="0%" number="0" type="jump"/>
</conditions>
</line>
<line branch="false" hits="0" number="100"/>
<line branch="false" hits="0" number="101"/>
<line branch="false" hits="0" number="102"/>
<line branch="false" hits="0" number="103"/>
<line branch="false" hits="0" number="104"/>
<line branch="false" hits="0" number="105"/>
<line branch="false" hits="0" number="106"/>
<line branch="false" hits="0" number="107"/>
<line branch="false" hits="0" number="108"/>
<line branch="false" hits="0" number="109"/>
<line branch="false" hits="0" number="110"/>
<line branch="false" hits="0" number="111"/>
<line branch="false" hits="0" number="112"/>
<line branch="false" hits="0" number="114"/>
<line branch="false" hits="0" number="115"/>
<line branch="false" hits="0" number="117"/>
<line branch="false" hits="0" number="118"/>
<line branch="false" hits="0" number="126"/>
<line branch="false" hits="0" number="129"/>
<line branch="false" hits="0" number="132"/>
<line branch="false" hits="0" number="135"/>
<line branch="false" hits="0" number="137"/>
</lines>
</class>
<class branch-rate="0.0" complexity="0.0" filename="processes.c" line-rate="0.0" name="processes_c">
<methods/>
<lines>
<line branch="false" hits="0" number="47"/>
<line branch="false" hits="0" number="49"/>
<line branch="false" hits="0" number="53"/>
<line branch="false" hits="0" number="54"/>
<line branch="false" hits="0" number="57"/>
<line branch="false" hits="0" number="60"/>
<line branch="true" condition-coverage="0% (0/2)" hits="0" number="61">
<conditions>
<condition coverage="0%" number="0" type="jump"/>
</conditions>
</line>
<line branch="false" hits="0" number="63"/>
<line branch="false" hits="0" number="69"/>
<line branch="false" hits="0" number="70"/>
<line branch="false" hits="0" number="71"/>
<line branch="false" hits="0" number="75"/>
<line branch="false" hits="0" number="76"/>
<line branch="false" hits="0" number="78"/>
<line branch="false" hits="0" number="79"/>
<line branch="false" hits="0" number="81"/>
<line branch="false" hits="0" number="83"/>
<line branch="false" hits="0" number="86"/>
<line branch="false" hits="0" number="87"/>
<line branch="true" condition-coverage="0% (0/2)" hits="0" number="88">
<conditions>
<condition coverage="0%" number="0" type="jump"/>
</conditions>
</line>
<line branch="false" hits="0" number="90"/>
<line branch="false" hits="0" number="93"/>
<line branch="false" hits="0" number="95"/>
<line branch="false" hits="0" number="98"/>
<line branch="false" hits="0" number="99"/>
<line branch="true" condition-coverage="0% (0/2)" hits="0" number="100">
<conditions>
<condition coverage="0%" number="0" type="jump"/>
</conditions>
</line>
<line branch="false" hits="0" number="102"/>
<line branch="false" hits="0" number="105"/>
<line branch="false" hits="0" number="107"/>
<line branch="false" hits="0" number="110"/>
<line branch="false" hits="0" number="111"/>
<line branch="false" hits="0" number="113"/>
<line branch="false" hits="0" number="126"/>
<line branch="true" condition-coverage="0% (0/2)" hits="0" number="129">
<conditions>
<condition coverage="0%" number="0" type="jump"/>
</conditions>
</line>
<line branch="false" hits="0" number="130"/>
<line branch="false" hits="0" number="134"/>
<line branch="false" hits="0" number="138"/>
<line branch="true" condition-coverage="0% (0/2)" hits="0" number="141">
<conditions>
<condition coverage="0%" number="0" type="jump"/>
</conditions>
</line>
<line branch="true" condition-coverage="0% (0/2)" hits="0" number="143">
<conditions>
<condition coverage="0%" number="0" type="jump"/>
</conditions>
</line>
<line branch="false" hits="0" number="144"/>
<line branch="false" hits="0" number="149"/>
<line branch="false" hits="0" number="163"/>
<line branch="false" hits="0" number="164"/>
<line branch="true" condition-coverage="0% (0/2)" hits="0" number="167">
<conditions>
<condition coverage="0%" number="0" type="jump"/>
</conditions>
</line>
<line branch="false" hits="0" number="169"/>
<line branch="false" hits="0" number="170"/>
<line branch="true" condition-coverage="0% (0/2)" hits="0" number="173">
<conditions>
<condition coverage="0%" number="0" type="jump"/>
</conditions>
</line>
<line branch="false" hits="0" number="175"/>
<line branch="false" hits="0" number="176"/>
<line branch="true" condition-coverage="0% (0/2)" hits="0" number="179">
<conditions>
<condition coverage="0%" number="0" type="jump"/>
</conditions>
</line>
<line branch="false" hits="0" number="181"/>
<line branch="false" hits="0" number="182"/>
<line branch="true" condition-coverage="0% (0/2)" hits="0" number="185">
<conditions>
<condition coverage="0%" number="0" type="jump"/>
</conditions>
</line>
<line branch="false" hits="0" number="187"/>
<line branch="false" hits="0" number="188"/>
<line branch="true" condition-coverage="0% (0/2)" hits="0" number="191">
<conditions>
<condition coverage="0%" number="0" type="jump"/>
</conditions>
</line>
<line branch="false" hits="0" number="193"/>
<line branch="false" hits="0" number="194"/>
<line branch="true" condition-coverage="0% (0/2)" hits="0" number="198">
<conditions>
<condition coverage="0%" number="0" type="jump"/>
</conditions>
</line>
<line branch="false" hits="0" number="200"/>
<line branch="false" hits="0" number="203"/>
<line branch="false" hits="0" number="217"/>
<line branch="false" hits="0" number="218"/>
<line branch="true" condition-coverage="0% (0/2)" hits="0" number="221">
<conditions>
<condition coverage="0%" number="0" type="jump"/>
</conditions>
</line>
<line branch="false" hits="0" number="223"/>
<line branch="false" hits="0" number="224"/>
<line branch="true" condition-coverage="0% (0/2)" hits="0" number="227">
<conditions>
<condition coverage="0%" number="0" type="jump"/>
</conditions>
</line>
<line branch="false" hits="0" number="229"/>
<line branch="false" hits="0" number="230"/>
<line branch="true" condition-coverage="0% (0/2)" hits="0" number="233">
<conditions>
<condition coverage="0%" number="0" type="jump"/>
</conditions>
</line>
<line branch="false" hits="0" number="235"/>
<line branch="false" hits="0" number="236"/>
<line branch="true" condition-coverage="0% (0/2)" hits="0" number="239">
<conditions>
<condition coverage="0%" number="0" type="jump"/>
</conditions>
</line>
<line branch="false" hits="0" number="241"/>
<line branch="false" hits="0" number="242"/>
<line branch="false" hits="0" number="243"/>
<line branch="false" hits="0" number="244"/>
<line branch="false" hits="0" number="248"/>
<line branch="true" condition-coverage="0% (0/2)" hits="0" number="251">
<conditions>
<condition coverage="0%" number="0" type="jump"/>
</conditions>
</line>
<line branch="false" hits="0" number="252"/>
<line branch="false" hits="0" number="253"/>
<line branch="true" condition-coverage="0% (0/2)" hits="0" number="257">
<conditions>
<condition coverage="0%" number="0" type="jump"/>
</conditions>
</line>
<line branch="false" hits="0" number="259"/>
<line branch="false" hits="0" number="262"/>
<line branch="false" hits="0" number="276"/>
<line branch="false" hits="0" number="278"/>
<line branch="false" hits="0" number="279"/>
<line branch="false" hits="0" number="280"/>
<line branch="false" hits="0" number="281"/>
<line branch="true" condition-coverage="0% (0/2)" hits="0" number="284">
<conditions>
<condition coverage="0%" number="0" type="jump"/>
</conditions>
</line>
<line branch="false" hits="0" number="285"/>
<line branch="true" condition-coverage="0% (0/2)" hits="0" number="289">
<conditions>
<condition coverage="0%" number="0" type="jump"/>
</conditions>
</line>
<line branch="false" hits="0" number="290"/>
<line branch="false" hits="0" number="294"/>
</lines>
</class>
<class branch-rate="0.0" complexity="0.0" filename="stringwork.c" line-rate="0.0" name="stringwork_c">
<methods/>
<lines>
<line branch="false" hits="0" number="29"/>
<line branch="false" hits="0" number="32"/>
<line branch="false" hits="0" number="34"/>
<line branch="false" hits="0" number="39"/>
<line branch="false" hits="0" number="42"/>
<line branch="false" hits="0" number="45"/>
<line branch="true" condition-coverage="0% (0/2)" hits="0" number="47">
<conditions>
<condition coverage="0%" number="0" type="jump"/>
</conditions>
</line>
<line branch="false" hits="0" number="49"/>
<line branch="false" hits="0" number="50"/>
<line branch="false" hits="0" number="51"/>
<line branch="true" condition-coverage="0% (0/2)" hits="0" number="53">
<conditions>
<condition coverage="0%" number="0" type="jump"/>
</conditions>
</line>
<line branch="false" hits="0" number="55"/>
<line branch="false" hits="0" number="59"/>
</lines>
</class>
</classes>
</package>
</packages>
</coverage>

